{"uuid":"028db269-8097-41de-b4ea-885706f36720","historyId":"441cfdd36ff69644f2ddc05b447d99ef","testCaseId":"[engine:junit-jupiter]/[class:ScannerTradingView]/[method:getMoney()]","testCaseName":"getMoney()","fullName":"ScannerTradingView.getMoney","labels":[{"name":"junit.platform.uniqueid","value":"[engine:junit-jupiter]/[class:ScannerTradingView]/[method:getMoney()]"},{"name":"host","value":"users-MacBook-Pro.local"},{"name":"thread","value":"14606@users-MacBook-Pro.local.Test worker(21)"},{"name":"framework","value":"junit-platform"},{"name":"language","value":"java"},{"name":"package","value":"ScannerTradingView"},{"name":"testClass","value":"ScannerTradingView"},{"name":"testMethod","value":"getMoney"},{"name":"suite","value":"ScannerTradingView"}],"links":[],"name":"getMoney()","status":"failed","statusDetails":{"known":false,"muted":false,"flaky":false,"message":"Invalid element state [By.xpath: //*[contains(@class,'tab-content')]//*[contains(text(),'4 часа')]]: element click intercepted: Element <span class=\"content-mf1FlhVw\">...</span> is not clickable at point (644, 4). Other element would receive the click: <li class=\"tv-header__main-menu-item\" data-main-menu-dropdown-root-index=\"0\">...</li>\nScreenshot: file:/Users/aleksei/IdeaProjects/scannerTradingView/build/reports/tests/1713804199607.0.png\nPage source: file:/Users/aleksei/IdeaProjects/scannerTradingView/build/reports/tests/1713804199607.0.html\nTimeout: 4 s.\nCaused by: ElementClickInterceptedException: element click intercepted: Element <span class=\"content-mf1FlhVw\">...</span> is not clickable at point (644, 4). Other element would receive the click: <li class=\"tv-header__main-menu-item\" data-main-menu-dropdown-root-index=\"0\">...</li>","trace":"Invalid element state [By.xpath: //*[contains(@class,'tab-content')]//*[contains(text(),'4 часа')]]: element click intercepted: Element <span class=\"content-mf1FlhVw\">...</span> is not clickable at point (644, 4). Other element would receive the click: <li class=\"tv-header__main-menu-item\" data-main-menu-dropdown-root-index=\"0\">...</li>\nScreenshot: file:/Users/aleksei/IdeaProjects/scannerTradingView/build/reports/tests/1713804199607.0.png\nPage source: file:/Users/aleksei/IdeaProjects/scannerTradingView/build/reports/tests/1713804199607.0.html\nTimeout: 4 s.\nCaused by: ElementClickInterceptedException: element click intercepted: Element <span class=\"content-mf1FlhVw\">...</span> is not clickable at point (644, 4). Other element would receive the click: <li class=\"tv-header__main-menu-item\" data-main-menu-dropdown-root-index=\"0\">...</li>\n\tat com.codeborne.selenide.impl.ExceptionWrapper.wrap(ExceptionWrapper.java:26)\n\tat com.codeborne.selenide.impl.SelenideElementProxy.dispatchAndRetry(SelenideElementProxy.java:154)\n\tat com.codeborne.selenide.impl.SelenideElementProxy.invoke(SelenideElementProxy.java:84)\n\tat com.sun.proxy.$Proxy15.click(Unknown Source)\n\tat utils.TakePrices.checkPrices(TakePrices.java:26)\n\tat ScannerTradingView.getMoney(ScannerTradingView.java:23)\n\tat java.base/java.lang.reflect.Method.invoke(Method.java:566)\n\tat java.base/java.util.ArrayList.forEach(ArrayList.java:1541)\n\tat java.base/java.util.ArrayList.forEach(ArrayList.java:1541)\nCaused by: org.openqa.selenium.ElementClickInterceptedException: element click intercepted: Element <span class=\"content-mf1FlhVw\">...</span> is not clickable at point (644, 4). Other element would receive the click: <li class=\"tv-header__main-menu-item\" data-main-menu-dropdown-root-index=\"0\">...</li>\n  (Session info: chrome=114.0.5735.90)\nBuild info: version: '4.9.1', revision: 'eb2032df7f'\nSystem info: os.name: 'Mac OS X', os.arch: 'x86_64', os.version: '10.15.7', java.version: '11.0.17'\nDriver info: org.openqa.selenium.chrome.ChromeDriver\nCommand: [92fb0bd58c5fe36a1a8e6a01f628ea56, clickElement {id=869544D8D0EA30EA994CB71D4ED34BAA_element_1041}]\nCapabilities {acceptInsecureCerts: true, browserName: chrome, browserVersion: 114.0.5735.90, chrome: {chromedriverVersion: 114.0.5735.90 (386bc09e8f4f..., userDataDir: /var/folders/lz/tzsnqj0x1pq...}, goog:chromeOptions: {debuggerAddress: localhost:53588}, networkConnectionEnabled: false, pageLoadStrategy: normal, platformName: mac, proxy: Proxy(), se:cdp: ws://localhost:53588/devtoo..., se:cdpVersion: 114.0.5735.90, setWindowRect: true, strictFileInteractability: false, timeouts: {implicit: 0, pageLoad: 300000, script: 30000}, unhandledPromptBehavior: accept, webauthn:extension:credBlob: true, webauthn:extension:largeBlob: true, webauthn:extension:minPinLength: true, webauthn:extension:prf: true, webauthn:virtualAuthenticators: true}\nElement: [[ChromeDriver: chrome on mac (92fb0bd58c5fe36a1a8e6a01f628ea56)] -> xpath: //*[contains(@class,'tab-content')]//*[contains(text(),'4 часа')]]\nSession ID: 92fb0bd58c5fe36a1a8e6a01f628ea56\n\tat java.base/jdk.internal.reflect.NativeConstructorAccessorImpl.newInstance0(Native Method)\n\tat java.base/jdk.internal.reflect.NativeConstructorAccessorImpl.newInstance(NativeConstructorAccessorImpl.java:62)\n\tat java.base/jdk.internal.reflect.DelegatingConstructorAccessorImpl.newInstance(DelegatingConstructorAccessorImpl.java:45)\n\tat java.base/java.lang.reflect.Constructor.newInstance(Constructor.java:490)\n\tat org.openqa.selenium.remote.codec.w3c.W3CHttpResponseCodec.createException(W3CHttpResponseCodec.java:200)\n\tat org.openqa.selenium.remote.codec.w3c.W3CHttpResponseCodec.decode(W3CHttpResponseCodec.java:133)\n\tat org.openqa.selenium.remote.codec.w3c.W3CHttpResponseCodec.decode(W3CHttpResponseCodec.java:53)\n\tat org.openqa.selenium.remote.HttpCommandExecutor.execute(HttpCommandExecutor.java:193)\n\tat org.openqa.selenium.remote.service.DriverCommandExecutor.invokeExecute(DriverCommandExecutor.java:183)\n\tat org.openqa.selenium.remote.service.DriverCommandExecutor.execute(DriverCommandExecutor.java:158)\n\tat org.openqa.selenium.remote.RemoteWebDriver.execute(RemoteWebDriver.java:543)\n\tat org.openqa.selenium.remote.RemoteWebElement.execute(RemoteWebElement.java:257)\n\tat org.openqa.selenium.remote.RemoteWebElement.click(RemoteWebElement.java:78)\n\tat com.codeborne.selenide.commands.Click.defaultClick(Click.java:97)\n\tat com.codeborne.selenide.commands.Click.click(Click.java:54)\n\tat com.codeborne.selenide.commands.Click.execute(Click.java:31)\n\tat com.codeborne.selenide.commands.Click.execute(Click.java:21)\n\tat com.codeborne.selenide.commands.Commands.execute(Commands.java:162)\n\tat com.codeborne.selenide.impl.SelenideElementProxy.dispatchAndRetry(SelenideElementProxy.java:132)\n\t... 7 more\n"},"stage":"finished","description":"","steps":[],"attachments":[],"parameters":[],"start":1713803423657,"stop":1713804200181}