{"uuid":"1fcc06de-669e-455c-943c-024d99308fce","historyId":"441cfdd36ff69644f2ddc05b447d99ef","testCaseId":"[engine:junit-jupiter]/[class:ScannerTradingView]/[method:getMoney()]","testCaseName":"getMoney()","fullName":"ScannerTradingView.getMoney","labels":[{"name":"junit.platform.uniqueid","value":"[engine:junit-jupiter]/[class:ScannerTradingView]/[method:getMoney()]"},{"name":"host","value":"users-MacBook-Pro.local"},{"name":"thread","value":"55826@users-MacBook-Pro.local.Test worker(21)"},{"name":"framework","value":"junit-platform"},{"name":"language","value":"java"},{"name":"package","value":"ScannerTradingView"},{"name":"testClass","value":"ScannerTradingView"},{"name":"testMethod","value":"getMoney"},{"name":"suite","value":"ScannerTradingView"}],"links":[],"name":"getMoney()","status":"failed","statusDetails":{"known":false,"muted":false,"flaky":false,"message":"Element not found {By.xpath: //div[@class='js-symbol-header-ticker quote-ticker-inited']//div[contains(@class,'last')]//span[contains(@class, 'last')]}\nExpected: exist\nScreenshot: file:/Users/aleksei/IdeaProjects/scannerTradingView/build/reports/tests/1714650413940.0.png\nPage source: file:/Users/aleksei/IdeaProjects/scannerTradingView/build/reports/tests/1714650413940.0.html\nTimeout: 4 s.\nCaused by: NoSuchElementException: no such element: Unable to locate element: {\"method\":\"xpath\",\"selector\":\"//div[@class='js-symbol-header-ticker quote-ticker-inited']//div[contains(@class,'last')]//span[contains(@class, 'last')]\"}","trace":"Element not found {By.xpath: //div[@class='js-symbol-header-ticker quote-ticker-inited']//div[contains(@class,'last')]//span[contains(@class, 'last')]}\nExpected: exist\nScreenshot: file:/Users/aleksei/IdeaProjects/scannerTradingView/build/reports/tests/1714650413940.0.png\nPage source: file:/Users/aleksei/IdeaProjects/scannerTradingView/build/reports/tests/1714650413940.0.html\nTimeout: 4 s.\nCaused by: NoSuchElementException: no such element: Unable to locate element: {\"method\":\"xpath\",\"selector\":\"//div[@class='js-symbol-header-ticker quote-ticker-inited']//div[contains(@class,'last')]//span[contains(@class, 'last')]\"}\n\tat com.codeborne.selenide.impl.WebElementSource.createElementNotFoundError(WebElementSource.java:91)\n\tat com.codeborne.selenide.impl.ElementFinder.createElementNotFoundError(ElementFinder.java:142)\n\tat com.codeborne.selenide.impl.ExceptionWrapper.wrap(ExceptionWrapper.java:32)\n\tat com.codeborne.selenide.impl.SelenideElementProxy.dispatchAndRetry(SelenideElementProxy.java:154)\n\tat com.codeborne.selenide.impl.SelenideElementProxy.invoke(SelenideElementProxy.java:84)\n\tat com.sun.proxy.$Proxy15.getText(Unknown Source)\n\tat utils.TakePrices.checkPrices(TakePrices.java:77)\n\tat ScannerTradingView.getMoney(ScannerTradingView.java:39)\n\tat java.base/java.lang.reflect.Method.invoke(Method.java:566)\n\tat java.base/java.util.ArrayList.forEach(ArrayList.java:1541)\n\tat java.base/java.util.ArrayList.forEach(ArrayList.java:1541)\nCaused by: org.openqa.selenium.NoSuchElementException: no such element: Unable to locate element: {\"method\":\"xpath\",\"selector\":\"//div[@class='js-symbol-header-ticker quote-ticker-inited']//div[contains(@class,'last')]//span[contains(@class, 'last')]\"}\n  (Session info: chrome=114.0.5735.90)\nFor documentation on this error, please visit: https://selenium.dev/exceptions/#no_such_element\nBuild info: version: '4.9.1', revision: 'eb2032df7f'\nSystem info: os.name: 'Mac OS X', os.arch: 'x86_64', os.version: '10.15.7', java.version: '11.0.17'\nDriver info: org.openqa.selenium.chrome.ChromeDriver\nCommand: [091eb767d4dd6a9e4d4fb8bc30f61f53, findElement {using=xpath, value=//div[@class='js-symbol-header-ticker quote-ticker-inited']//div[contains(@class,'last')]//span[contains(@class, 'last')]}]\nCapabilities {acceptInsecureCerts: true, browserName: chrome, browserVersion: 114.0.5735.90, chrome: {chromedriverVersion: 114.0.5735.90 (386bc09e8f4f..., userDataDir: /var/folders/lz/tzsnqj0x1pq...}, goog:chromeOptions: {debuggerAddress: localhost:57591}, networkConnectionEnabled: false, pageLoadStrategy: normal, platformName: mac, proxy: Proxy(), se:cdp: ws://localhost:57591/devtoo..., se:cdpVersion: 114.0.5735.90, setWindowRect: true, strictFileInteractability: false, timeouts: {implicit: 0, pageLoad: 300000, script: 30000}, unhandledPromptBehavior: accept, webauthn:extension:credBlob: true, webauthn:extension:largeBlob: true, webauthn:extension:minPinLength: true, webauthn:extension:prf: true, webauthn:virtualAuthenticators: true}\nSession ID: 091eb767d4dd6a9e4d4fb8bc30f61f53\n\tat jdk.internal.reflect.GeneratedConstructorAccessor64.newInstance(Unknown Source)\n\tat java.base/jdk.internal.reflect.DelegatingConstructorAccessorImpl.newInstance(DelegatingConstructorAccessorImpl.java:45)\n\tat java.base/java.lang.reflect.Constructor.newInstance(Constructor.java:490)\n\tat org.openqa.selenium.remote.codec.w3c.W3CHttpResponseCodec.createException(W3CHttpResponseCodec.java:200)\n\tat org.openqa.selenium.remote.codec.w3c.W3CHttpResponseCodec.decode(W3CHttpResponseCodec.java:133)\n\tat org.openqa.selenium.remote.codec.w3c.W3CHttpResponseCodec.decode(W3CHttpResponseCodec.java:53)\n\tat org.openqa.selenium.remote.HttpCommandExecutor.execute(HttpCommandExecutor.java:193)\n\tat org.openqa.selenium.remote.service.DriverCommandExecutor.invokeExecute(DriverCommandExecutor.java:183)\n\tat org.openqa.selenium.remote.service.DriverCommandExecutor.execute(DriverCommandExecutor.java:158)\n\tat org.openqa.selenium.remote.RemoteWebDriver.execute(RemoteWebDriver.java:543)\n\tat org.openqa.selenium.remote.ElementLocation$ElementFinder$2.findElement(ElementLocation.java:162)\n\tat org.openqa.selenium.remote.ElementLocation.findElement(ElementLocation.java:60)\n\tat org.openqa.selenium.remote.RemoteWebDriver.findElement(RemoteWebDriver.java:352)\n\tat org.openqa.selenium.remote.RemoteWebDriver.findElement(RemoteWebDriver.java:344)\n\tat com.codeborne.selenide.impl.WebElementSelector.findElement(WebElementSelector.java:70)\n\tat com.codeborne.selenide.impl.WebElementSelector.findElement(WebElementSelector.java:44)\n\tat com.codeborne.selenide.impl.WebElementSelector.findElement(WebElementSelector.java:33)\n\tat com.codeborne.selenide.impl.ElementFinder.getWebElement(ElementFinder.java:122)\n\tat com.codeborne.selenide.commands.GetText.execute(GetText.java:29)\n\tat com.codeborne.selenide.commands.GetText.execute(GetText.java:13)\n\tat com.codeborne.selenide.commands.Commands.execute(Commands.java:162)\n\tat com.codeborne.selenide.impl.SelenideElementProxy.dispatchAndRetry(SelenideElementProxy.java:132)\n\t... 7 more\n"},"stage":"finished","description":"","steps":[],"attachments":[],"parameters":[],"start":1714625217559,"stop":1714650414603}