{"uuid":"7ae3d03f-eeca-4499-966d-ed62e5e66c72","historyId":"441cfdd36ff69644f2ddc05b447d99ef","testCaseId":"[engine:junit-jupiter]/[class:ScannerTradingView]/[method:getMoney()]","testCaseName":"getMoney()","fullName":"ScannerTradingView.getMoney","labels":[{"name":"junit.platform.uniqueid","value":"[engine:junit-jupiter]/[class:ScannerTradingView]/[method:getMoney()]"},{"name":"host","value":"users-MacBook-Pro.local"},{"name":"thread","value":"78550@users-MacBook-Pro.local.Test worker(21)"},{"name":"framework","value":"junit-platform"},{"name":"language","value":"java"},{"name":"package","value":"ScannerTradingView"},{"name":"testClass","value":"ScannerTradingView"},{"name":"testMethod","value":"getMoney"},{"name":"suite","value":"ScannerTradingView"}],"links":[],"name":"getMoney()","status":"failed","statusDetails":{"known":false,"muted":false,"flaky":false,"message":"Invalid element state [By.xpath: //*[contains(@class,'tab-content')]//*[contains(text(),'1 минут')]]: element click intercepted: Element <span class=\"content-mf1FlhVw\">...</span> is not clickable at point (88, 12). Other element would receive the click: <span class=\"tv-header__logo-text\">...</span>\nScreenshot: file:/Users/aleksei/IdeaProjects/scannerTradingView/build/reports/tests/1714750635536.0.png\nPage source: file:/Users/aleksei/IdeaProjects/scannerTradingView/build/reports/tests/1714750635536.0.html\nTimeout: 4 s.\nCaused by: ElementClickInterceptedException: element click intercepted: Element <span class=\"content-mf1FlhVw\">...</span> is not clickable at point (88, 12). Other element would receive the click: <span class=\"tv-header__logo-text\">...</span>","trace":"Invalid element state [By.xpath: //*[contains(@class,'tab-content')]//*[contains(text(),'1 минут')]]: element click intercepted: Element <span class=\"content-mf1FlhVw\">...</span> is not clickable at point (88, 12). Other element would receive the click: <span class=\"tv-header__logo-text\">...</span>\nScreenshot: file:/Users/aleksei/IdeaProjects/scannerTradingView/build/reports/tests/1714750635536.0.png\nPage source: file:/Users/aleksei/IdeaProjects/scannerTradingView/build/reports/tests/1714750635536.0.html\nTimeout: 4 s.\nCaused by: ElementClickInterceptedException: element click intercepted: Element <span class=\"content-mf1FlhVw\">...</span> is not clickable at point (88, 12). Other element would receive the click: <span class=\"tv-header__logo-text\">...</span>\n\tat com.codeborne.selenide.impl.ExceptionWrapper.wrap(ExceptionWrapper.java:26)\n\tat com.codeborne.selenide.impl.SelenideElementProxy.dispatchAndRetry(SelenideElementProxy.java:154)\n\tat com.codeborne.selenide.impl.SelenideElementProxy.invoke(SelenideElementProxy.java:84)\n\tat com.sun.proxy.$Proxy15.click(Unknown Source)\n\tat utils.TakePrices.checkPrices(TakePrices.java:81)\n\tat ScannerTradingView.getMoney(ScannerTradingView.java:36)\n\tat java.base/java.lang.reflect.Method.invoke(Method.java:566)\n\tat java.base/java.util.ArrayList.forEach(ArrayList.java:1541)\n\tat java.base/java.util.ArrayList.forEach(ArrayList.java:1541)\nCaused by: org.openqa.selenium.ElementClickInterceptedException: element click intercepted: Element <span class=\"content-mf1FlhVw\">...</span> is not clickable at point (88, 12). Other element would receive the click: <span class=\"tv-header__logo-text\">...</span>\n  (Session info: chrome=114.0.5735.90)\nBuild info: version: '4.9.1', revision: 'eb2032df7f'\nSystem info: os.name: 'Mac OS X', os.arch: 'x86_64', os.version: '10.15.7', java.version: '11.0.17'\nDriver info: org.openqa.selenium.chrome.ChromeDriver\nCommand: [d1b57d13a8f3b02a25a1f74532501078, clickElement {id=740BE9B04000C34660E9BBA4F8BEFF80_element_524}]\nCapabilities {acceptInsecureCerts: true, browserName: chrome, browserVersion: 114.0.5735.90, chrome: {chromedriverVersion: 114.0.5735.90 (386bc09e8f4f..., userDataDir: /var/folders/lz/tzsnqj0x1pq...}, goog:chromeOptions: {debuggerAddress: localhost:63828}, networkConnectionEnabled: false, pageLoadStrategy: normal, platformName: mac, proxy: Proxy(), se:cdp: ws://localhost:63828/devtoo..., se:cdpVersion: 114.0.5735.90, setWindowRect: true, strictFileInteractability: false, timeouts: {implicit: 0, pageLoad: 300000, script: 30000}, unhandledPromptBehavior: accept, webauthn:extension:credBlob: true, webauthn:extension:largeBlob: true, webauthn:extension:minPinLength: true, webauthn:extension:prf: true, webauthn:virtualAuthenticators: true}\nElement: [[ChromeDriver: chrome on mac (d1b57d13a8f3b02a25a1f74532501078)] -> xpath: //*[contains(@class,'tab-content')]//*[contains(text(),'1 минут')]]\nSession ID: d1b57d13a8f3b02a25a1f74532501078\n\tat java.base/jdk.internal.reflect.NativeConstructorAccessorImpl.newInstance0(Native Method)\n\tat java.base/jdk.internal.reflect.NativeConstructorAccessorImpl.newInstance(NativeConstructorAccessorImpl.java:62)\n\tat java.base/jdk.internal.reflect.DelegatingConstructorAccessorImpl.newInstance(DelegatingConstructorAccessorImpl.java:45)\n\tat java.base/java.lang.reflect.Constructor.newInstance(Constructor.java:490)\n\tat org.openqa.selenium.remote.codec.w3c.W3CHttpResponseCodec.createException(W3CHttpResponseCodec.java:200)\n\tat org.openqa.selenium.remote.codec.w3c.W3CHttpResponseCodec.decode(W3CHttpResponseCodec.java:133)\n\tat org.openqa.selenium.remote.codec.w3c.W3CHttpResponseCodec.decode(W3CHttpResponseCodec.java:53)\n\tat org.openqa.selenium.remote.HttpCommandExecutor.execute(HttpCommandExecutor.java:193)\n\tat org.openqa.selenium.remote.service.DriverCommandExecutor.invokeExecute(DriverCommandExecutor.java:183)\n\tat org.openqa.selenium.remote.service.DriverCommandExecutor.execute(DriverCommandExecutor.java:158)\n\tat org.openqa.selenium.remote.RemoteWebDriver.execute(RemoteWebDriver.java:543)\n\tat org.openqa.selenium.remote.RemoteWebElement.execute(RemoteWebElement.java:257)\n\tat org.openqa.selenium.remote.RemoteWebElement.click(RemoteWebElement.java:78)\n\tat com.codeborne.selenide.commands.Click.defaultClick(Click.java:97)\n\tat com.codeborne.selenide.commands.Click.click(Click.java:54)\n\tat com.codeborne.selenide.commands.Click.execute(Click.java:31)\n\tat com.codeborne.selenide.commands.Click.execute(Click.java:21)\n\tat com.codeborne.selenide.commands.Commands.execute(Commands.java:162)\n\tat com.codeborne.selenide.impl.SelenideElementProxy.dispatchAndRetry(SelenideElementProxy.java:132)\n\t... 7 more\n"},"stage":"finished","description":"","steps":[],"attachments":[],"parameters":[],"start":1714750466049,"stop":1714750636156}